<?xml version="1.0" encoding="UTF-8"?>
<!-- Generated by org.testng.reporters.JUnitReportReporter -->
<testsuite skipped="0" hostname="LAPTOP-2874D9SR" name="com.FlipKartE2E.TC_001_SignInTest" tests="2" failures="0" timestamp="08 Jul 2018 07:14:04 GMT" time="2.424" errors="0">
  <testcase name="Autentication" time="0.428" classname="com.FlipKartE2E.TC_001_SignInTest"/>
  <testcase name="SignIn" time="1.996" classname="com.FlipKartE2E.TC_001_SignInTest"/>
</testsuite> <!-- com.FlipKartE2E.TC_001_SignInTest -->
